<?xml version="1.0" encoding="UTF-8"?>
<testsuite name="SolutionTest" tests="6" skipped="0" failures="0" errors="0" timestamp="2023-06-29T14:25:04" hostname="MacBook-Air-di-Filippo.local" time="0.049">
  <properties/>
  <testcase name="Test caso stringa palindroma" classname="SolutionTest" time="0.009"/>
  <testcase name="[1] hello, false" classname="SolutionTest" time="0.019"/>
  <testcase name="[2] null, false" classname="SolutionTest" time="0.0"/>
  <testcase name="Test stringa contenente solo uno spazio" classname="SolutionTest" time="0.003"/>
  <testcase name="Test lunghezza str == 1" classname="SolutionTest" time="0.0"/>
  <testcase name="Test stringa con spazio" classname="SolutionTest" time="0.001"/>
  <system-out><![CDATA[]]></system-out>
  <system-err><![CDATA[]]></system-err>
</testsuite>
