<?xml version="1.0" encoding="UTF-8"?>
<testsuite name="Test casi eccezionali" tests="2" skipped="0" failures="0" errors="0" timestamp="2023-06-29T14:10:11" hostname="MacBook-Air-di-Filippo.local" time="0.001">
  <properties/>
  <testcase name="emptyString()" classname="AppTest$TestCasiEccezionali" time="0.0"/>
  <testcase name="nullString()" classname="AppTest$TestCasiEccezionali" time="0.0"/>
  <system-out><![CDATA[]]></system-out>
  <system-err><![CDATA[]]></system-err>
</testsuite>
